<?xml version="1.0" encoding="UTF-8"?>
<!-- Generated by org.testng.reporters.JUnitXMLReporter -->
<testsuite ignored="10" hostname="selva" failures="0" tests="4" name="Test2" time="30.548" errors="0" timestamp="31 Mar 2022 14:20:48 GMT">
  <testcase classname="com.amazon.stepdefinition.ShoesValidation" name="@BeforeClass bc" time="4.913">
    <failure type="org.openqa.selenium.WebDriverException" message="unknown error: cannot determine loading status
from disconnected: received Inspector.detached event
  (Session info: chrome=99.0.4844.84)
Build info: version: &amp;apos;3.141.59&amp;apos;, revision: &amp;apos;e82be7d358&amp;apos;, time: &amp;apos;2018-11-14T08:17:03&amp;apos;
System info: host: &amp;apos;SELVA&amp;apos;, ip: &amp;apos;192.168.29.136&amp;apos;, os.name: &amp;apos;Windows 10&amp;apos;, os.arch: &amp;apos;amd64&amp;apos;, os.version: &amp;apos;10.0&amp;apos;, java.version: &amp;apos;17.0.2&amp;apos;
Driver info: org.openqa.selenium.chrome.ChromeDriver
Capabilities {acceptInsecureCerts: false, browserName: chrome, browserVersion: 99.0.4844.84, chrome: {chromedriverVersion: 99.0.4844.51 (d537ec02474b5..., userDataDir: C:\Users\HP\AppData\Local\T...}, goog:chromeOptions: {debuggerAddress: localhost:53446}, javascriptEnabled: true, networkConnectionEnabled: false, pageLoadStrategy: normal, platform: WINDOWS, platformName: WINDOWS, proxy: Proxy(), setWindowRect: true, strictFileInteractability: false, timeouts: {implicit: 0, pageLoad: 300000, script: 30000}, unhandledPromptBehavior: dismiss and notify, webauthn:extension:credBlob: true, webauthn:extension:largeBlob: true, webauthn:virtualAuthenticators: true}
Session ID: d2b5d78df00c4210430cecf5fbcf6f3c">
      <![CDATA[org.openqa.selenium.WebDriverException: unknown error: cannot determine loading status
from disconnected: received Inspector.detached event
  (Session info: chrome=99.0.4844.84)
Build info: version: '3.141.59', revision: 'e82be7d358', time: '2018-11-14T08:17:03'
System info: host: 'SELVA', ip: '192.168.29.136', os.name: 'Windows 10', os.arch: 'amd64', os.version: '10.0', java.version: '17.0.2'
Driver info: org.openqa.selenium.chrome.ChromeDriver
Capabilities {acceptInsecureCerts: false, browserName: chrome, browserVersion: 99.0.4844.84, chrome: {chromedriverVersion: 99.0.4844.51 (d537ec02474b5..., userDataDir: C:\Users\HP\AppData\Local\T...}, goog:chromeOptions: {debuggerAddress: localhost:53446}, javascriptEnabled: true, networkConnectionEnabled: false, pageLoadStrategy: normal, platform: WINDOWS, platformName: WINDOWS, proxy: Proxy(), setWindowRect: true, strictFileInteractability: false, timeouts: {implicit: 0, pageLoad: 300000, script: 30000}, unhandledPromptBehavior: dismiss and notify, webauthn:extension:credBlob: true, webauthn:extension:largeBlob: true, webauthn:virtualAuthenticators: true}
Session ID: d2b5d78df00c4210430cecf5fbcf6f3c
at org.openqa.selenium.remote.http.W3CHttpResponseCodec.createException(W3CHttpResponseCodec.java:187)
at org.openqa.selenium.remote.http.W3CHttpResponseCodec.decode(W3CHttpResponseCodec.java:122)
at org.openqa.selenium.remote.http.W3CHttpResponseCodec.decode(W3CHttpResponseCodec.java:49)
at org.openqa.selenium.remote.HttpCommandExecutor.execute(HttpCommandExecutor.java:158)
at org.openqa.selenium.remote.service.DriverCommandExecutor.execute(DriverCommandExecutor.java:83)
at org.openqa.selenium.remote.RemoteWebDriver.execute(RemoteWebDriver.java:552)
at org.openqa.selenium.remote.RemoteWebDriver.get(RemoteWebDriver.java:277)
at com.amazon.stepdefinition.ShoesValidation.bc(ShoesValidation.java:32)
... Removed 31 stack frames]]>
    </failure>
  </testcase> <!-- @BeforeClass bc -->
  <testcase classname="com.amazon.stepdefinition.ShoesValidation" name="@AfterClass ac" time="0.0">
    <skipped/>
  </testcase> <!-- @AfterClass ac -->
  <testcase classname="com.amazon.stepdefinition.ShoesValidation" name="search" time="0.0">
    <skipped/>
  </testcase> <!-- search -->
  <testcase classname="com.amazon.stepdefinition.DealsOfTheDayValidation" name="DealOfDay" time="4.509"/>
  <testcase classname="com.amazon.stepdefinition.ShoesValidation" name="select" time="0.0">
    <skipped/>
  </testcase> <!-- select -->
  <testcase classname="com.amazon.stepdefinition.DealsOfTheDayValidation" name="LightningDeal" time="0.163"/>
  <testcase classname="com.amazon.stepdefinition.ShoesValidation" name="windows" time="0.0">
    <ignored/>
  </testcase> <!-- windows -->
  <testcase classname="com.amazon.stepdefinition.DealsOfTheDayValidation" name="price" time="0.0">
    <ignored/>
  </testcase> <!-- price -->
  <testcase classname="com.amazon.stepdefinition.DealsOfTheDayValidation" name="radiobutton" time="0.0">
    <ignored/>
  </testcase> <!-- radiobutton -->
  <testcase classname="com.amazon.stepdefinition.ShoesValidation" name="scroll" time="0.0">
    <ignored/>
  </testcase> <!-- scroll -->
  <testcase classname="com.amazon.stepdefinition.ShoesValidation" name="options" time="0.0">
    <ignored/>
  </testcase> <!-- options -->
  <testcase classname="com.amazon.stepdefinition.ShoesValidation" name="scroll1" time="0.0">
    <ignored/>
  </testcase> <!-- scroll1 -->
  <testcase classname="com.amazon.stepdefinition.ShoesValidation" name="size" time="0.0">
    <ignored/>
  </testcase> <!-- size -->
  <testcase classname="com.amazon.stepdefinition.DealsOfTheDayValidation" name="electronics" time="0.0">
    <ignored/>
  </testcase> <!-- electronics -->
  <testcase classname="com.amazon.stepdefinition.ShoesValidation" name="add" time="0.0">
    <ignored/>
  </testcase> <!-- add -->
  <testcase classname="com.amazon.stepdefinition.DealsOfTheDayValidation" name="scroll" time="0.0">
    <ignored/>
  </testcase> <!-- scroll -->
</testsuite> <!-- Test2 -->
